<?xml version="1.0" encoding="UTF-8"?>
<!-- Generated by org.testng.reporters.JUnitReportReporter -->
<testsuite hostname="User-PC" failures="0" tests="1" name="TestRun.TestRunner" time="51.359" errors="0" timestamp="23 Jan 2021 15:26:25 GMT">
  <testcase classname="TestRun.TestRunner" name="feature" time="51.359"/>
</testsuite> <!-- TestRun.TestRunner -->
